This file contains any messages produced by compilers while
running configure, to aid debugging if configure makes a mistake.

It was created by Tramp configure 2.2.3, which was
generated by GNU Autoconf 2.68.  Invocation command line was

  $ ./configure --with-contrib

## --------- ##
## Platform. ##
## --------- ##

hostname = taipei
uname -m = x86_64
uname -r = 2.6.38-13-generic
uname -s = Linux
uname -v = #52-Ubuntu SMP Tue Nov 8 16:53:51 UTC 2011

/usr/bin/uname -p = unknown
/bin/uname -X     = unknown

/bin/arch              = unknown
/usr/bin/arch -k       = unknown
/usr/convex/getsysinfo = unknown
/usr/bin/hostinfo      = unknown
/bin/machine           = unknown
/usr/bin/oslevel       = unknown
/bin/universe          = unknown

PATH: /home/likewise-open/AZVA-INT/ahinz/bin
PATH: /home/likewise-open/AZVA-INT/ahinz/bin
PATH: /usr/local/sbin
PATH: /usr/local/bin
PATH: /usr/sbin
PATH: /usr/bin
PATH: /sbin
PATH: /bin
PATH: /usr/games
PATH: /home/likewise-open/AZVA-INT/ahinz/mbin
PATH: /home/likewise-open/AZVA-INT/ahinz/src/open/scala/ensime/dist
PATH: /home/likewise-open/AZVA-INT/ahinz/scala/bin
PATH: /var/lib/gems/1.8/bin/
PATH: /home/likewise-open/AZVA-INT/ahinz/mbin
PATH: /home/likewise-open/AZVA-INT/ahinz/src/open/scala/ensime/dist
PATH: /home/likewise-open/AZVA-INT/ahinz/scala/bin
PATH: /var/lib/gems/1.8/bin/


## ----------- ##
## Core tests. ##
## ----------- ##

configure:1690: Tramp 2.2.3
configure:1703: checking for gmake
configure:1733: result: no
configure:1703: checking for make
configure:1719: found /usr/bin/make
configure:1730: result: make
configure:1746: checking for reasonable make version
configure:1749: result: ok
configure:1757: checking whether make sets $(MAKE)
configure:1779: result: yes
configure:1859: checking for emacs
configure:1876: found /usr/bin/emacs
configure:1888: result: yes
configure:1901: checking for emacs flavor
emacs --no-site-file -batch -eval (let ((x (if (featurep 'xemacs) "yes" "no"))) (write-region (if (stringp x) (princ x) (prin1-to-string x)) nil "./conftest-11406"))
=> no
configure:1946: result: emacs
configure:1950: checking for emacs gvfs support
emacs --no-site-file -batch -eval (let ((x (if (featurep 'dbusbind) "yes" "no"))) (write-region (if (stringp x) (princ x) (prin1-to-string x)) nil "./conftest-11406"))
=> yes
configure:1991: result: yes
configure:1995: checking for emacs gateway support
emacs --no-site-file -batch -eval (let ((x (if (functionp 'make-network-process) "yes" "no"))) (write-region (if (stringp x) (princ x) (prin1-to-string x)) nil "./conftest-11406"))
=> yes
configure:2036: result: yes
configure:2040: checking for emacs utilities support
emacs --no-site-file -batch -eval (let ((x (if (functionp 'start-file-process) "no" "yes"))) (write-region (if (stringp x) (princ x) (prin1-to-string x)) nil "./conftest-11406"))
=> no
configure:2081: result: no
configure:2097: checking for emacs version
emacs --no-site-file -batch -eval (let ((x (if (or (>= emacs-major-version 22)
		 (and (featurep 'xemacs)
		      (= emacs-major-version 21)
		      (>= emacs-minor-version 4)))
	     "ok"
	   (format "Tramp 2.2.3 is not fit for %s"
		   (when (string-match "^.*$" (emacs-version))
		     (match-string 0 (emacs-version))))))) (write-region (if (stringp x) (princ x) (prin1-to-string x)) nil "./conftest-11406"))
=> ok
configure:2138: result: ok
configure:2154: checking for base64.el
emacs --no-site-file -batch -eval (let ((x (progn (if (featurep 'xemacs) (require 'timer-funcs)) (load "base64.el" t) (fboundp 'base64-encode-region)))) (write-region (if (stringp x) (princ x) (prin1-to-string x)) nil "./conftest-11406"))
=> t
configure:2235: result: ok
configure:2243: checking for format-spec.el
emacs --no-site-file -batch -eval (let ((x (progn (if (featurep 'xemacs) (require 'timer-funcs)) (load "format-spec.el" t) (fboundp 'format-spec)))) (write-region (if (stringp x) (princ x) (prin1-to-string x)) nil "./conftest-11406"))
=> nil
configure:2305: result: linked to contrib directory
configure:2332: checking for password.el
emacs --no-site-file -batch -eval (let ((x (progn (if (featurep 'xemacs) (require 'timer-funcs)) (load "password.el" t) (fboundp 'password-cache-add)))) (write-region (if (stringp x) (princ x) (prin1-to-string x)) nil "./conftest-11406"))
=> nil
configure:2394: result: linked to contrib directory
configure:2422: checking for socks.el
emacs --no-site-file -batch -eval (let ((x (progn (if (featurep 'xemacs) (require 'timer-funcs)) (load "socks.el" t) (fboundp 'socks-open-network-stream)))) (write-region (if (stringp x) (princ x) (prin1-to-string x)) nil "./conftest-11406"))
=> nil
configure:2484: result: linked to contrib directory
configure:2514: checking for makeinfo
configure:2530: found /usr/bin/makeinfo
configure:2542: result: makeinfo
configure:2554: checking for reasonable makeinfo version
configure:2558: result: ok
configure:2570: checking for texi2dvi
configure:2586: found /usr/bin/texi2dvi
configure:2598: result: texi2dvi
configure:2610: checking for reasonable texi2dvi version
configure:2615: result: ok
configure:2632: checking for install-info
configure:2648: found /usr/sbin/install-info
configure:2659: result: install-info
configure:2722: checking for installation chapter
configure:2731: result: yes
configure:2739: checking prefix 
configure:2747: result: /usr/local
configure:2750: checking datarootdir
configure:2763: result: ${prefix}/share
configure:2766: checking datadir
configure:2775: result: ${datarootdir}
configure:2784: checking lispdir
configure:2793: result: ${datadir}/emacs/site-lisp
configure:2798: checking infodir
configure:2825: result: ${prefix}/share/info
configure:2845: checking for ftp-upload
configure:2873: result: no
configure:3050: creating ./config.status

## ---------------------- ##
## Running config.status. ##
## ---------------------- ##

This file was extended by Tramp config.status 2.2.3, which was
generated by GNU Autoconf 2.68.  Invocation command line was

  CONFIG_FILES    = 
  CONFIG_HEADERS  = 
  CONFIG_LINKS    = 
  CONFIG_COMMANDS = 
  $ ./config.status 

on taipei

config.status:765: creating Makefile
config.status:765: creating contrib/Makefile
config.status:765: creating lisp/Makefile
config.status:765: creating lisp/trampver.el
config.status:765: creating texi/Makefile
config.status:765: creating texi/trampver.texi
config.status:938: linking contrib/format-spec.el to lisp/format-spec.el
config.status:938: linking contrib/password.el to lisp/password.el
config.status:938: linking contrib/socks.el to lisp/socks.el
configure:4109: regenerate autoloads

## ---------------- ##
## Cache variables. ##
## ---------------- ##

EMACS_cv_SYS_base64_encode_region=t
EMACS_cv_SYS_emacs_version=ok
EMACS_cv_SYS_format_spec=nil
EMACS_cv_SYS_gatewayp=yes
EMACS_cv_SYS_gvfsp=yes
EMACS_cv_SYS_password_cache_add=nil
EMACS_cv_SYS_socks_open_network_stream=nil
EMACS_cv_SYS_utilsp=no
EMACS_cv_SYS_xemacsp=no
ac_cv_env_build_alias_set=
ac_cv_env_build_alias_value=
ac_cv_env_host_alias_set=
ac_cv_env_host_alias_value=
ac_cv_env_target_alias_set=
ac_cv_env_target_alias_value=
ac_cv_prog_EMACS_test_emacs=yes
ac_cv_prog_FTP_UPLOAD=no
ac_cv_prog_INSTALL_INFO=install-info
ac_cv_prog_MAKE=make
ac_cv_prog_MAKEINFO=makeinfo
ac_cv_prog_TEXI2DVI=texi2dvi
ac_cv_prog_make_make_set=yes

## ----------------- ##
## Output variables. ##
## ----------------- ##

		      (= emacs-major-version 21)
		      (>= emacs-minor-version 4)))
		     (match-string 0 (emacs-version)))))'
		   (when (string-match "^.*$" (emacs-version))
		 (and (featurep '\''xemacs)
	     "ok"
	   (format "Tramp 2.2.3 is not fit for %s"
DEFS='-DPACKAGE_NAME=\"Tramp\" -DPACKAGE_TARNAME=\"tramp\" -DPACKAGE_VERSION=\"2.2.3\" -DPACKAGE_STRING=\"Tramp\ 2.2.3\" -DPACKAGE_BUGREPORT=\"tramp-devel@gnu.org\" -DPACKAGE_URL=\"\"'
ECHO_C=''
ECHO_N='-n'
ECHO_T=''
EMACS='emacs'
EMACS_GVFS='yes'
EMACS_GW='yes'
EMACS_INFO='emacs'
EMACS_UTILS='no'
EMACS_test_emacs='yes'
FTP_UPLOAD='no'
INSTALL_CHAPTER='yes'
INSTALL_INFO='install-info'
LIBOBJS=''
LIBS=''
LTLIBOBJS=''
MAKE='make'
MAKEINFO='makeinfo'
PACKAGE_BUGREPORT='tramp-devel@gnu.org'
PACKAGE_NAME='Tramp'
PACKAGE_STRING='Tramp 2.2.3'
PACKAGE_TARNAME='tramp'
PACKAGE_URL=''
PACKAGE_VERSION='2.2.3'
PATH_SEPARATOR=':'
SET_MAKE=''
SHELL='/bin/bash'
TEXI2DVI='texi2dvi'
TRAMP_CLEAN_FILES='.\\\#* \\\#* .*~ *~ *.aux *.cp *.cps *.diff *.dvi *.elc *.fn *.fns *.html *.info *.ky *.log *.pg *.tmp *.toc *.tp *.vr *.vrs'
TRAMP_CONFIG_FILES='Makefile contrib/Makefile lisp/Makefile lisp/trampver.el texi/Makefile texi/trampver.texi'
TRAMP_CONTRIB_FILES='socks.el password.el format-spec.el '
TRAMP_EMACS_MERGE_VERSION='2.2.2'
TRAMP_EMACS_VERSION_CHECK='(if (or (>= emacs-major-version 22)
abs_builddir=''
bindir='${exec_prefix}/bin'
build_alias=''
datadir='${datarootdir}'
datadir_default='$datarootdir_default'
datarootdir='${prefix}/share'
datarootdir_default='${prefix}/share'
docdir='${datarootdir}/doc/${PACKAGE_TARNAME}'
dvidir='${docdir}'
exec_prefix='${prefix}'
host_alias=''
htmldir='${docdir}'
includedir='${prefix}/include'
infodir='${prefix}/share/info'
infodir_default='/usr/local/info'
libdir='${exec_prefix}/lib'
libexecdir='${exec_prefix}/libexec'
lispdir='${datadir}/emacs/site-lisp'
lispdir_default='/usr/local/share/emacs/site-lisp'
localedir='${datarootdir}/locale'
localstatedir='${prefix}/var'
mandir='${datarootdir}/man'
oldincludedir='/usr/include'
pdfdir='${docdir}'
prefix='/usr/local'
prefix_default='/usr/local'
program_transform_name='s,x,x,'
psdir='${docdir}'
sbindir='${exec_prefix}/sbin'
sharedstatedir='${prefix}/com'
sysconfdir='${prefix}/etc'
target_alias=''

## ----------- ##
## confdefs.h. ##
## ----------- ##

/* confdefs.h */
#define PACKAGE_NAME "Tramp"
#define PACKAGE_TARNAME "tramp"
#define PACKAGE_VERSION "2.2.3"
#define PACKAGE_STRING "Tramp 2.2.3"
#define PACKAGE_BUGREPORT "tramp-devel@gnu.org"
#define PACKAGE_URL ""

configure: exit 0
